2020-10-19 23:32:15.003 [main] ERROR com.github.sd4324530.fastweixin.DownloadTest - IO异常处理
org.apache.http.conn.ConnectTimeoutException: Connect to 103.7.29.197:80 [/103.7.29.197] failed: connect timed out
	at org.apache.http.impl.conn.DefaultHttpClientConnectionOperator.connect(DefaultHttpClientConnectionOperator.java:151)
	at org.apache.http.impl.conn.PoolingHttpClientConnectionManager.connect(PoolingHttpClientConnectionManager.java:359)
	at org.apache.http.impl.execchain.MainClientExec.establishRoute(MainClientExec.java:381)
	at org.apache.http.impl.execchain.MainClientExec.execute(MainClientExec.java:237)
	at org.apache.http.impl.execchain.ProtocolExec.execute(ProtocolExec.java:185)
	at org.apache.http.impl.execchain.RetryExec.execute(RetryExec.java:89)
	at org.apache.http.impl.execchain.RedirectExec.execute(RedirectExec.java:111)
	at org.apache.http.impl.client.InternalHttpClient.doExecute(InternalHttpClient.java:185)
	at org.apache.http.impl.client.CloseableHttpClient.execute(CloseableHttpClient.java:83)
	at org.apache.http.impl.client.CloseableHttpClient.execute(CloseableHttpClient.java:108)
	at com.github.sd4324530.fastweixin.DownloadTest.download(DownloadTest.java:38)
	at sun.reflect.NativeMethodAccessorImpl.invoke0(Native Method)
	at sun.reflect.NativeMethodAccessorImpl.invoke(NativeMethodAccessorImpl.java:62)
	at sun.reflect.DelegatingMethodAccessorImpl.invoke(DelegatingMethodAccessorImpl.java:43)
	at java.lang.reflect.Method.invoke(Method.java:498)
	at org.junit.runners.model.FrameworkMethod$1.runReflectiveCall(FrameworkMethod.java:50)
	at org.junit.internal.runners.model.ReflectiveCallable.run(ReflectiveCallable.java:12)
	at org.junit.runners.model.FrameworkMethod.invokeExplosively(FrameworkMethod.java:47)
	at org.junit.internal.runners.statements.InvokeMethod.evaluate(InvokeMethod.java:17)
	at org.junit.runners.ParentRunner.runLeaf(ParentRunner.java:325)
	at org.junit.runners.BlockJUnit4ClassRunner.runChild(BlockJUnit4ClassRunner.java:78)
	at org.junit.runners.BlockJUnit4ClassRunner.runChild(BlockJUnit4ClassRunner.java:57)
	at org.junit.runners.ParentRunner$3.run(ParentRunner.java:290)
	at org.junit.runners.ParentRunner$1.schedule(ParentRunner.java:71)
	at org.junit.runners.ParentRunner.runChildren(ParentRunner.java:288)
	at org.junit.runners.ParentRunner.access$000(ParentRunner.java:58)
	at org.junit.runners.ParentRunner$2.evaluate(ParentRunner.java:268)
	at org.junit.runners.ParentRunner.run(ParentRunner.java:363)
	at org.eclipse.jdt.internal.junit4.runner.JUnit4TestReference.run(JUnit4TestReference.java:89)
	at org.eclipse.jdt.internal.junit.runner.TestExecution.run(TestExecution.java:41)
	at org.eclipse.jdt.internal.junit.runner.RemoteTestRunner.runTests(RemoteTestRunner.java:542)
	at org.eclipse.jdt.internal.junit.runner.RemoteTestRunner.runTests(RemoteTestRunner.java:770)
	at org.eclipse.jdt.internal.junit.runner.RemoteTestRunner.run(RemoteTestRunner.java:464)
	at org.eclipse.jdt.internal.junit.runner.RemoteTestRunner.main(RemoteTestRunner.java:210)
Caused by: java.net.SocketTimeoutException: connect timed out
	at java.net.DualStackPlainSocketImpl.waitForConnect(Native Method)
	at java.net.DualStackPlainSocketImpl.socketConnect(DualStackPlainSocketImpl.java:85)
	at java.net.AbstractPlainSocketImpl.doConnect(AbstractPlainSocketImpl.java:350)
	at java.net.AbstractPlainSocketImpl.connectToAddress(AbstractPlainSocketImpl.java:206)
	at java.net.AbstractPlainSocketImpl.connect(AbstractPlainSocketImpl.java:188)
	at java.net.PlainSocketImpl.connect(PlainSocketImpl.java:172)
	at java.net.SocksSocketImpl.connect(SocksSocketImpl.java:392)
	at java.net.Socket.connect(Socket.java:589)
	at org.apache.http.conn.socket.PlainConnectionSocketFactory.connectSocket(PlainConnectionSocketFactory.java:75)
	at org.apache.http.impl.conn.DefaultHttpClientConnectionOperator.connect(DefaultHttpClientConnectionOperator.java:142)
	... 33 common frames omitted
2020-10-19 23:51:57.045 [main] DEBUG c.github.sd4324530.fastweixin.api.config.ApiConfig - 开始初始化access_token........
2020-10-19 23:51:57.050 [main] DEBUG com.github.sd4324530.fastweixin.util.NetWorkCenter - -----------------请求地址:https://api.weixin.qq.com/cgi-bin/token?grant_type=client_credential&appid=wx1922a087525d2580&secret=e244f1244f0ba2798546e0450d3045ea-----------------
2020-10-19 23:51:58.551 [main] DEBUG com.github.sd4324530.fastweixin.util.NetWorkCenter - 本次请求'token?grant_type=client_credential&appid=wx1922a087525d2580&secret=e244f1244f0ba2798546e0450d3045ea'耗时:750ms
2020-10-19 23:51:58.555 [main] DEBUG com.github.sd4324530.fastweixin.util.NetWorkCenter - -----------------请求成功-----------------
2020-10-19 23:51:58.556 [main] DEBUG com.github.sd4324530.fastweixin.util.NetWorkCenter - 响应结果:
2020-10-19 23:51:58.556 [main] DEBUG com.github.sd4324530.fastweixin.util.NetWorkCenter - {"errcode":40164,"errmsg":"invalid ip 183.92.251.208 ipv6 ::ffff:183.92.251.208, not in whitelist rid: 5f8db5dc-24e4255b-4f6d68d4"}
2020-10-19 23:51:58.629 [main] DEBUG c.github.sd4324530.fastweixin.api.config.ApiConfig - 获取access_token:null
2020-10-19 23:51:58.631 [main] ERROR com.github.sd4324530.fastweixin.util.NetWorkCenter - Exception:
com.github.sd4324530.fastweixin.exception.WeixinException: 微信公众号token获取出错，错误信息:40164,invalid ip 183.92.251.208 ipv6 ::ffff:183.92.251.208, not in whitelist rid: 5f8db5dc-24e4255b-4f6d68d4
	at com.github.sd4324530.fastweixin.api.config.ApiConfig$1.onResponse(ApiConfig.java:178)
	at com.github.sd4324530.fastweixin.util.NetWorkCenter.doRequest(NetWorkCenter.java:277)
	at com.github.sd4324530.fastweixin.util.NetWorkCenter.get(NetWorkCenter.java:153)
	at com.github.sd4324530.fastweixin.api.config.ApiConfig.initToken(ApiConfig.java:169)
	at com.github.sd4324530.fastweixin.api.config.ApiConfig.<init>(ApiConfig.java:69)
	at com.github.sd4324530.fastweixin.api.config.ApiConfig.<init>(ApiConfig.java:54)
	at com.github.sd4324530.fastweixin.FastweixinTest.init(FastweixinTest.java:37)
	at sun.reflect.NativeMethodAccessorImpl.invoke0(Native Method)
	at sun.reflect.NativeMethodAccessorImpl.invoke(NativeMethodAccessorImpl.java:62)
	at sun.reflect.DelegatingMethodAccessorImpl.invoke(DelegatingMethodAccessorImpl.java:43)
	at java.lang.reflect.Method.invoke(Method.java:498)
	at org.junit.runners.model.FrameworkMethod$1.runReflectiveCall(FrameworkMethod.java:50)
	at org.junit.internal.runners.model.ReflectiveCallable.run(ReflectiveCallable.java:12)
	at org.junit.runners.model.FrameworkMethod.invokeExplosively(FrameworkMethod.java:47)
	at org.junit.internal.runners.statements.RunBefores.evaluate(RunBefores.java:24)
	at org.junit.runners.ParentRunner.runLeaf(ParentRunner.java:325)
	at org.junit.runners.BlockJUnit4ClassRunner.runChild(BlockJUnit4ClassRunner.java:78)
	at org.junit.runners.BlockJUnit4ClassRunner.runChild(BlockJUnit4ClassRunner.java:57)
	at org.junit.runners.ParentRunner$3.run(ParentRunner.java:290)
	at org.junit.runners.ParentRunner$1.schedule(ParentRunner.java:71)
	at org.junit.runners.ParentRunner.runChildren(ParentRunner.java:288)
	at org.junit.runners.ParentRunner.access$000(ParentRunner.java:58)
	at org.junit.runners.ParentRunner$2.evaluate(ParentRunner.java:268)
	at org.junit.runners.ParentRunner.run(ParentRunner.java:363)
	at org.eclipse.jdt.internal.junit4.runner.JUnit4TestReference.run(JUnit4TestReference.java:89)
	at org.eclipse.jdt.internal.junit.runner.TestExecution.run(TestExecution.java:41)
	at org.eclipse.jdt.internal.junit.runner.RemoteTestRunner.runTests(RemoteTestRunner.java:542)
	at org.eclipse.jdt.internal.junit.runner.RemoteTestRunner.runTests(RemoteTestRunner.java:770)
	at org.eclipse.jdt.internal.junit.runner.RemoteTestRunner.run(RemoteTestRunner.java:464)
	at org.eclipse.jdt.internal.junit.runner.RemoteTestRunner.main(RemoteTestRunner.java:210)
2020-10-19 23:51:58.631 [main] WARN  com.github.sd4324530.fastweixin.util.NetWorkCenter - -----------------请求出现其他异常:com.github.sd4324530.fastweixin.exception.WeixinException: 微信公众号token获取出错，错误信息:40164,invalid ip 183.92.251.208 ipv6 ::ffff:183.92.251.208, not in whitelist rid: 5f8db5dc-24e4255b-4f6d68d4-----------------
2020-10-19 23:51:58.633 [main] DEBUG c.github.sd4324530.fastweixin.api.config.ApiConfig - 开始初始化access_token........
2020-10-19 23:51:58.633 [main] DEBUG com.github.sd4324530.fastweixin.util.NetWorkCenter - -----------------请求地址:https://api.weixin.qq.com/cgi-bin/token?grant_type=client_credential&appid=wx8c33ff895df5d0d9&secret=0705aafac0bef944de4c485d71fce900-----------------
2020-10-19 23:52:00.134 [main] DEBUG com.github.sd4324530.fastweixin.util.NetWorkCenter - 本次请求'token?grant_type=client_credential&appid=wx8c33ff895df5d0d9&secret=0705aafac0bef944de4c485d71fce900'耗时:1498ms
2020-10-19 23:52:00.134 [main] DEBUG com.github.sd4324530.fastweixin.util.NetWorkCenter - -----------------请求成功-----------------
2020-10-19 23:52:00.134 [main] DEBUG com.github.sd4324530.fastweixin.util.NetWorkCenter - 响应结果:
2020-10-19 23:52:00.134 [main] DEBUG com.github.sd4324530.fastweixin.util.NetWorkCenter - {"errcode":50002,"errmsg":"user limited rid: 5f8db5de-6cf38120-6d3e98ed"}
2020-10-19 23:52:00.134 [main] DEBUG c.github.sd4324530.fastweixin.api.config.ApiConfig - 获取access_token:null
2020-10-19 23:52:00.135 [main] ERROR com.github.sd4324530.fastweixin.util.NetWorkCenter - Exception:
com.github.sd4324530.fastweixin.exception.WeixinException: 微信公众号token获取出错，错误信息:50002,用户受限，可能是违规后接口被封禁
	at com.github.sd4324530.fastweixin.api.config.ApiConfig$1.onResponse(ApiConfig.java:178)
	at com.github.sd4324530.fastweixin.util.NetWorkCenter.doRequest(NetWorkCenter.java:277)
	at com.github.sd4324530.fastweixin.util.NetWorkCenter.get(NetWorkCenter.java:153)
	at com.github.sd4324530.fastweixin.api.config.ApiConfig.initToken(ApiConfig.java:169)
	at com.github.sd4324530.fastweixin.api.config.ApiConfig.<init>(ApiConfig.java:69)
	at com.github.sd4324530.fastweixin.api.config.ApiConfig.<init>(ApiConfig.java:54)
	at com.github.sd4324530.fastweixin.FastweixinTest.test(FastweixinTest.java:50)
	at sun.reflect.NativeMethodAccessorImpl.invoke0(Native Method)
	at sun.reflect.NativeMethodAccessorImpl.invoke(NativeMethodAccessorImpl.java:62)
	at sun.reflect.DelegatingMethodAccessorImpl.invoke(DelegatingMethodAccessorImpl.java:43)
	at java.lang.reflect.Method.invoke(Method.java:498)
	at org.junit.runners.model.FrameworkMethod$1.runReflectiveCall(FrameworkMethod.java:50)
	at org.junit.internal.runners.model.ReflectiveCallable.run(ReflectiveCallable.java:12)
	at org.junit.runners.model.FrameworkMethod.invokeExplosively(FrameworkMethod.java:47)
	at org.junit.internal.runners.statements.InvokeMethod.evaluate(InvokeMethod.java:17)
	at org.junit.internal.runners.statements.RunBefores.evaluate(RunBefores.java:26)
	at org.junit.runners.ParentRunner.runLeaf(ParentRunner.java:325)
	at org.junit.runners.BlockJUnit4ClassRunner.runChild(BlockJUnit4ClassRunner.java:78)
	at org.junit.runners.BlockJUnit4ClassRunner.runChild(BlockJUnit4ClassRunner.java:57)
	at org.junit.runners.ParentRunner$3.run(ParentRunner.java:290)
	at org.junit.runners.ParentRunner$1.schedule(ParentRunner.java:71)
	at org.junit.runners.ParentRunner.runChildren(ParentRunner.java:288)
	at org.junit.runners.ParentRunner.access$000(ParentRunner.java:58)
	at org.junit.runners.ParentRunner$2.evaluate(ParentRunner.java:268)
	at org.junit.runners.ParentRunner.run(ParentRunner.java:363)
	at org.eclipse.jdt.internal.junit4.runner.JUnit4TestReference.run(JUnit4TestReference.java:89)
	at org.eclipse.jdt.internal.junit.runner.TestExecution.run(TestExecution.java:41)
	at org.eclipse.jdt.internal.junit.runner.RemoteTestRunner.runTests(RemoteTestRunner.java:542)
	at org.eclipse.jdt.internal.junit.runner.RemoteTestRunner.runTests(RemoteTestRunner.java:770)
	at org.eclipse.jdt.internal.junit.runner.RemoteTestRunner.run(RemoteTestRunner.java:464)
	at org.eclipse.jdt.internal.junit.runner.RemoteTestRunner.main(RemoteTestRunner.java:210)
2020-10-19 23:52:00.135 [main] WARN  com.github.sd4324530.fastweixin.util.NetWorkCenter - -----------------请求出现其他异常:com.github.sd4324530.fastweixin.exception.WeixinException: 微信公众号token获取出错，错误信息:50002,用户受限，可能是违规后接口被封禁-----------------
2020-10-19 23:52:00.136 [main] DEBUG com.github.sd4324530.fastweixin.api.MenuAPI - 获取菜单信息.....
2020-10-19 23:52:00.137 [main] DEBUG c.github.sd4324530.fastweixin.api.config.ApiConfig - 准备刷新token.............
2020-10-19 23:52:00.137 [main] DEBUG c.github.sd4324530.fastweixin.api.config.ApiConfig - 开始初始化access_token........
2020-10-19 23:52:00.137 [main] DEBUG com.github.sd4324530.fastweixin.util.NetWorkCenter - -----------------请求地址:https://api.weixin.qq.com/cgi-bin/token?grant_type=client_credential&appid=wx8c33ff895df5d0d9&secret=0705aafac0bef944de4c485d71fce900-----------------
2020-10-19 23:52:00.562 [main] DEBUG com.github.sd4324530.fastweixin.util.NetWorkCenter - 本次请求'token?grant_type=client_credential&appid=wx8c33ff895df5d0d9&secret=0705aafac0bef944de4c485d71fce900'耗时:422ms
2020-10-19 23:52:00.563 [main] DEBUG com.github.sd4324530.fastweixin.util.NetWorkCenter - -----------------请求成功-----------------
2020-10-19 23:52:00.563 [main] DEBUG com.github.sd4324530.fastweixin.util.NetWorkCenter - 响应结果:
2020-10-19 23:52:00.563 [main] DEBUG com.github.sd4324530.fastweixin.util.NetWorkCenter - {"errcode":50002,"errmsg":"user limited rid: 5f8db5de-6290bd73-6788eab5"}
2020-10-19 23:52:00.563 [main] DEBUG c.github.sd4324530.fastweixin.api.config.ApiConfig - 获取access_token:null
2020-10-19 23:52:00.563 [main] ERROR com.github.sd4324530.fastweixin.util.NetWorkCenter - Exception:
com.github.sd4324530.fastweixin.exception.WeixinException: 微信公众号token获取出错，错误信息:50002,用户受限，可能是违规后接口被封禁
	at com.github.sd4324530.fastweixin.api.config.ApiConfig$1.onResponse(ApiConfig.java:178)
	at com.github.sd4324530.fastweixin.util.NetWorkCenter.doRequest(NetWorkCenter.java:277)
	at com.github.sd4324530.fastweixin.util.NetWorkCenter.get(NetWorkCenter.java:153)
	at com.github.sd4324530.fastweixin.api.config.ApiConfig.initToken(ApiConfig.java:169)
	at com.github.sd4324530.fastweixin.api.config.ApiConfig.getAccessToken(ApiConfig.java:93)
	at com.github.sd4324530.fastweixin.api.BaseAPI.executeGet(BaseAPI.java:79)
	at com.github.sd4324530.fastweixin.api.MenuAPI.getMenu(MenuAPI.java:68)
	at com.github.sd4324530.fastweixin.FastweixinTest.getMenu(FastweixinTest.java:169)
	at com.github.sd4324530.fastweixin.FastweixinTest.test(FastweixinTest.java:58)
	at sun.reflect.NativeMethodAccessorImpl.invoke0(Native Method)
	at sun.reflect.NativeMethodAccessorImpl.invoke(NativeMethodAccessorImpl.java:62)
	at sun.reflect.DelegatingMethodAccessorImpl.invoke(DelegatingMethodAccessorImpl.java:43)
	at java.lang.reflect.Method.invoke(Method.java:498)
	at org.junit.runners.model.FrameworkMethod$1.runReflectiveCall(FrameworkMethod.java:50)
	at org.junit.internal.runners.model.ReflectiveCallable.run(ReflectiveCallable.java:12)
	at org.junit.runners.model.FrameworkMethod.invokeExplosively(FrameworkMethod.java:47)
	at org.junit.internal.runners.statements.InvokeMethod.evaluate(InvokeMethod.java:17)
	at org.junit.internal.runners.statements.RunBefores.evaluate(RunBefores.java:26)
	at org.junit.runners.ParentRunner.runLeaf(ParentRunner.java:325)
	at org.junit.runners.BlockJUnit4ClassRunner.runChild(BlockJUnit4ClassRunner.java:78)
	at org.junit.runners.BlockJUnit4ClassRunner.runChild(BlockJUnit4ClassRunner.java:57)
	at org.junit.runners.ParentRunner$3.run(ParentRunner.java:290)
	at org.junit.runners.ParentRunner$1.schedule(ParentRunner.java:71)
	at org.junit.runners.ParentRunner.runChildren(ParentRunner.java:288)
	at org.junit.runners.ParentRunner.access$000(ParentRunner.java:58)
	at org.junit.runners.ParentRunner$2.evaluate(ParentRunner.java:268)
	at org.junit.runners.ParentRunner.run(ParentRunner.java:363)
	at org.eclipse.jdt.internal.junit4.runner.JUnit4TestReference.run(JUnit4TestReference.java:89)
	at org.eclipse.jdt.internal.junit.runner.TestExecution.run(TestExecution.java:41)
	at org.eclipse.jdt.internal.junit.runner.RemoteTestRunner.runTests(RemoteTestRunner.java:542)
	at org.eclipse.jdt.internal.junit.runner.RemoteTestRunner.runTests(RemoteTestRunner.java:770)
	at org.eclipse.jdt.internal.junit.runner.RemoteTestRunner.run(RemoteTestRunner.java:464)
	at org.eclipse.jdt.internal.junit.runner.RemoteTestRunner.main(RemoteTestRunner.java:210)
2020-10-19 23:52:00.563 [main] WARN  com.github.sd4324530.fastweixin.util.NetWorkCenter - -----------------请求出现其他异常:com.github.sd4324530.fastweixin.exception.WeixinException: 微信公众号token获取出错，错误信息:50002,用户受限，可能是违规后接口被封禁-----------------
2020-10-19 23:52:13.055 [main] DEBUG c.github.sd4324530.fastweixin.api.config.ApiConfig - 开始初始化access_token........
2020-10-19 23:52:13.059 [main] DEBUG com.github.sd4324530.fastweixin.util.NetWorkCenter - -----------------请求地址:https://api.weixin.qq.com/cgi-bin/token?grant_type=client_credential&appid=wx1922a087525d2580&secret=3abace60187243644e59e51cb805459a-----------------
2020-10-19 23:52:14.994 [main] DEBUG com.github.sd4324530.fastweixin.util.NetWorkCenter - 本次请求'token?grant_type=client_credential&appid=wx1922a087525d2580&secret=3abace60187243644e59e51cb805459a'耗时:1203ms
2020-10-19 23:52:14.998 [main] DEBUG com.github.sd4324530.fastweixin.util.NetWorkCenter - -----------------请求成功-----------------
2020-10-19 23:52:14.998 [main] DEBUG com.github.sd4324530.fastweixin.util.NetWorkCenter - 响应结果:
2020-10-19 23:52:14.998 [main] DEBUG com.github.sd4324530.fastweixin.util.NetWorkCenter - {"errcode":40164,"errmsg":"invalid ip 183.92.251.208 ipv6 ::ffff:183.92.251.208, not in whitelist rid: 5f8db5ed-0d2c8ba2-16037136"}
2020-10-19 23:52:15.068 [main] DEBUG c.github.sd4324530.fastweixin.api.config.ApiConfig - 获取access_token:null
2020-10-19 23:52:15.072 [main] ERROR com.github.sd4324530.fastweixin.util.NetWorkCenter - Exception:
com.github.sd4324530.fastweixin.exception.WeixinException: 微信公众号token获取出错，错误信息:40164,invalid ip 183.92.251.208 ipv6 ::ffff:183.92.251.208, not in whitelist rid: 5f8db5ed-0d2c8ba2-16037136
	at com.github.sd4324530.fastweixin.api.config.ApiConfig$1.onResponse(ApiConfig.java:178)
	at com.github.sd4324530.fastweixin.util.NetWorkCenter.doRequest(NetWorkCenter.java:277)
	at com.github.sd4324530.fastweixin.util.NetWorkCenter.get(NetWorkCenter.java:153)
	at com.github.sd4324530.fastweixin.api.config.ApiConfig.initToken(ApiConfig.java:169)
	at com.github.sd4324530.fastweixin.api.config.ApiConfig.<init>(ApiConfig.java:69)
	at com.github.sd4324530.fastweixin.api.config.ApiConfig.<init>(ApiConfig.java:54)
	at com.github.sd4324530.fastweixin.FastweixinTest.init(FastweixinTest.java:37)
	at sun.reflect.NativeMethodAccessorImpl.invoke0(Native Method)
	at sun.reflect.NativeMethodAccessorImpl.invoke(NativeMethodAccessorImpl.java:62)
	at sun.reflect.DelegatingMethodAccessorImpl.invoke(DelegatingMethodAccessorImpl.java:43)
	at java.lang.reflect.Method.invoke(Method.java:498)
	at org.junit.runners.model.FrameworkMethod$1.runReflectiveCall(FrameworkMethod.java:50)
	at org.junit.internal.runners.model.ReflectiveCallable.run(ReflectiveCallable.java:12)
	at org.junit.runners.model.FrameworkMethod.invokeExplosively(FrameworkMethod.java:47)
	at org.junit.internal.runners.statements.RunBefores.evaluate(RunBefores.java:24)
	at org.junit.runners.ParentRunner.runLeaf(ParentRunner.java:325)
	at org.junit.runners.BlockJUnit4ClassRunner.runChild(BlockJUnit4ClassRunner.java:78)
	at org.junit.runners.BlockJUnit4ClassRunner.runChild(BlockJUnit4ClassRunner.java:57)
	at org.junit.runners.ParentRunner$3.run(ParentRunner.java:290)
	at org.junit.runners.ParentRunner$1.schedule(ParentRunner.java:71)
	at org.junit.runners.ParentRunner.runChildren(ParentRunner.java:288)
	at org.junit.runners.ParentRunner.access$000(ParentRunner.java:58)
	at org.junit.runners.ParentRunner$2.evaluate(ParentRunner.java:268)
	at org.junit.runners.ParentRunner.run(ParentRunner.java:363)
	at org.eclipse.jdt.internal.junit4.runner.JUnit4TestReference.run(JUnit4TestReference.java:89)
	at org.eclipse.jdt.internal.junit.runner.TestExecution.run(TestExecution.java:41)
	at org.eclipse.jdt.internal.junit.runner.RemoteTestRunner.runTests(RemoteTestRunner.java:542)
	at org.eclipse.jdt.internal.junit.runner.RemoteTestRunner.runTests(RemoteTestRunner.java:770)
	at org.eclipse.jdt.internal.junit.runner.RemoteTestRunner.run(RemoteTestRunner.java:464)
	at org.eclipse.jdt.internal.junit.runner.RemoteTestRunner.main(RemoteTestRunner.java:210)
2020-10-19 23:52:15.072 [main] WARN  com.github.sd4324530.fastweixin.util.NetWorkCenter - -----------------请求出现其他异常:com.github.sd4324530.fastweixin.exception.WeixinException: 微信公众号token获取出错，错误信息:40164,invalid ip 183.92.251.208 ipv6 ::ffff:183.92.251.208, not in whitelist rid: 5f8db5ed-0d2c8ba2-16037136-----------------
2020-10-19 23:52:15.074 [main] DEBUG c.github.sd4324530.fastweixin.api.config.ApiConfig - 开始初始化access_token........
2020-10-19 23:52:15.074 [main] DEBUG com.github.sd4324530.fastweixin.util.NetWorkCenter - -----------------请求地址:https://api.weixin.qq.com/cgi-bin/token?grant_type=client_credential&appid=wx8c33ff895df5d0d9&secret=0705aafac0bef944de4c485d71fce900-----------------
2020-10-19 23:52:15.461 [main] DEBUG com.github.sd4324530.fastweixin.util.NetWorkCenter - 本次请求'token?grant_type=client_credential&appid=wx8c33ff895df5d0d9&secret=0705aafac0bef944de4c485d71fce900'耗时:385ms
2020-10-19 23:52:15.461 [main] DEBUG com.github.sd4324530.fastweixin.util.NetWorkCenter - -----------------请求成功-----------------
2020-10-19 23:52:15.461 [main] DEBUG com.github.sd4324530.fastweixin.util.NetWorkCenter - 响应结果:
2020-10-19 23:52:15.461 [main] DEBUG com.github.sd4324530.fastweixin.util.NetWorkCenter - {"errcode":50002,"errmsg":"user limited rid: 5f8db5ed-2014ae8b-19fd46ce"}
2020-10-19 23:52:15.462 [main] DEBUG c.github.sd4324530.fastweixin.api.config.ApiConfig - 获取access_token:null
2020-10-19 23:52:15.462 [main] ERROR com.github.sd4324530.fastweixin.util.NetWorkCenter - Exception:
com.github.sd4324530.fastweixin.exception.WeixinException: 微信公众号token获取出错，错误信息:50002,用户受限，可能是违规后接口被封禁
	at com.github.sd4324530.fastweixin.api.config.ApiConfig$1.onResponse(ApiConfig.java:178)
	at com.github.sd4324530.fastweixin.util.NetWorkCenter.doRequest(NetWorkCenter.java:277)
	at com.github.sd4324530.fastweixin.util.NetWorkCenter.get(NetWorkCenter.java:153)
	at com.github.sd4324530.fastweixin.api.config.ApiConfig.initToken(ApiConfig.java:169)
	at com.github.sd4324530.fastweixin.api.config.ApiConfig.<init>(ApiConfig.java:69)
	at com.github.sd4324530.fastweixin.api.config.ApiConfig.<init>(ApiConfig.java:54)
	at com.github.sd4324530.fastweixin.FastweixinTest.test(FastweixinTest.java:50)
	at sun.reflect.NativeMethodAccessorImpl.invoke0(Native Method)
	at sun.reflect.NativeMethodAccessorImpl.invoke(NativeMethodAccessorImpl.java:62)
	at sun.reflect.DelegatingMethodAccessorImpl.invoke(DelegatingMethodAccessorImpl.java:43)
	at java.lang.reflect.Method.invoke(Method.java:498)
	at org.junit.runners.model.FrameworkMethod$1.runReflectiveCall(FrameworkMethod.java:50)
	at org.junit.internal.runners.model.ReflectiveCallable.run(ReflectiveCallable.java:12)
	at org.junit.runners.model.FrameworkMethod.invokeExplosively(FrameworkMethod.java:47)
	at org.junit.internal.runners.statements.InvokeMethod.evaluate(InvokeMethod.java:17)
	at org.junit.internal.runners.statements.RunBefores.evaluate(RunBefores.java:26)
	at org.junit.runners.ParentRunner.runLeaf(ParentRunner.java:325)
	at org.junit.runners.BlockJUnit4ClassRunner.runChild(BlockJUnit4ClassRunner.java:78)
	at org.junit.runners.BlockJUnit4ClassRunner.runChild(BlockJUnit4ClassRunner.java:57)
	at org.junit.runners.ParentRunner$3.run(ParentRunner.java:290)
	at org.junit.runners.ParentRunner$1.schedule(ParentRunner.java:71)
	at org.junit.runners.ParentRunner.runChildren(ParentRunner.java:288)
	at org.junit.runners.ParentRunner.access$000(ParentRunner.java:58)
	at org.junit.runners.ParentRunner$2.evaluate(ParentRunner.java:268)
	at org.junit.runners.ParentRunner.run(ParentRunner.java:363)
	at org.eclipse.jdt.internal.junit4.runner.JUnit4TestReference.run(JUnit4TestReference.java:89)
	at org.eclipse.jdt.internal.junit.runner.TestExecution.run(TestExecution.java:41)
	at org.eclipse.jdt.internal.junit.runner.RemoteTestRunner.runTests(RemoteTestRunner.java:542)
	at org.eclipse.jdt.internal.junit.runner.RemoteTestRunner.runTests(RemoteTestRunner.java:770)
	at org.eclipse.jdt.internal.junit.runner.RemoteTestRunner.run(RemoteTestRunner.java:464)
	at org.eclipse.jdt.internal.junit.runner.RemoteTestRunner.main(RemoteTestRunner.java:210)
2020-10-19 23:52:15.463 [main] WARN  com.github.sd4324530.fastweixin.util.NetWorkCenter - -----------------请求出现其他异常:com.github.sd4324530.fastweixin.exception.WeixinException: 微信公众号token获取出错，错误信息:50002,用户受限，可能是违规后接口被封禁-----------------
2020-10-19 23:52:15.465 [main] DEBUG com.github.sd4324530.fastweixin.api.MenuAPI - 获取菜单信息.....
2020-10-19 23:52:15.466 [main] DEBUG c.github.sd4324530.fastweixin.api.config.ApiConfig - 准备刷新token.............
2020-10-19 23:52:15.466 [main] DEBUG c.github.sd4324530.fastweixin.api.config.ApiConfig - 开始初始化access_token........
2020-10-19 23:52:15.466 [main] DEBUG com.github.sd4324530.fastweixin.util.NetWorkCenter - -----------------请求地址:https://api.weixin.qq.com/cgi-bin/token?grant_type=client_credential&appid=wx8c33ff895df5d0d9&secret=0705aafac0bef944de4c485d71fce900-----------------
2020-10-19 23:52:16.126 [main] DEBUG com.github.sd4324530.fastweixin.util.NetWorkCenter - 本次请求'token?grant_type=client_credential&appid=wx8c33ff895df5d0d9&secret=0705aafac0bef944de4c485d71fce900'耗时:656ms
2020-10-19 23:52:16.126 [main] DEBUG com.github.sd4324530.fastweixin.util.NetWorkCenter - -----------------请求成功-----------------
2020-10-19 23:52:16.126 [main] DEBUG com.github.sd4324530.fastweixin.util.NetWorkCenter - 响应结果:
2020-10-19 23:52:16.127 [main] DEBUG com.github.sd4324530.fastweixin.util.NetWorkCenter - {"errcode":50002,"errmsg":"user limited rid: 5f8db5ee-667b5948-1b328f65"}
2020-10-19 23:52:16.127 [main] DEBUG c.github.sd4324530.fastweixin.api.config.ApiConfig - 获取access_token:null
2020-10-19 23:52:16.127 [main] ERROR com.github.sd4324530.fastweixin.util.NetWorkCenter - Exception:
com.github.sd4324530.fastweixin.exception.WeixinException: 微信公众号token获取出错，错误信息:50002,用户受限，可能是违规后接口被封禁
	at com.github.sd4324530.fastweixin.api.config.ApiConfig$1.onResponse(ApiConfig.java:178)
	at com.github.sd4324530.fastweixin.util.NetWorkCenter.doRequest(NetWorkCenter.java:277)
	at com.github.sd4324530.fastweixin.util.NetWorkCenter.get(NetWorkCenter.java:153)
	at com.github.sd4324530.fastweixin.api.config.ApiConfig.initToken(ApiConfig.java:169)
	at com.github.sd4324530.fastweixin.api.config.ApiConfig.getAccessToken(ApiConfig.java:93)
	at com.github.sd4324530.fastweixin.api.BaseAPI.executeGet(BaseAPI.java:79)
	at com.github.sd4324530.fastweixin.api.MenuAPI.getMenu(MenuAPI.java:68)
	at com.github.sd4324530.fastweixin.FastweixinTest.getMenu(FastweixinTest.java:169)
	at com.github.sd4324530.fastweixin.FastweixinTest.test(FastweixinTest.java:58)
	at sun.reflect.NativeMethodAccessorImpl.invoke0(Native Method)
	at sun.reflect.NativeMethodAccessorImpl.invoke(NativeMethodAccessorImpl.java:62)
	at sun.reflect.DelegatingMethodAccessorImpl.invoke(DelegatingMethodAccessorImpl.java:43)
	at java.lang.reflect.Method.invoke(Method.java:498)
	at org.junit.runners.model.FrameworkMethod$1.runReflectiveCall(FrameworkMethod.java:50)
	at org.junit.internal.runners.model.ReflectiveCallable.run(ReflectiveCallable.java:12)
	at org.junit.runners.model.FrameworkMethod.invokeExplosively(FrameworkMethod.java:47)
	at org.junit.internal.runners.statements.InvokeMethod.evaluate(InvokeMethod.java:17)
	at org.junit.internal.runners.statements.RunBefores.evaluate(RunBefores.java:26)
	at org.junit.runners.ParentRunner.runLeaf(ParentRunner.java:325)
	at org.junit.runners.BlockJUnit4ClassRunner.runChild(BlockJUnit4ClassRunner.java:78)
	at org.junit.runners.BlockJUnit4ClassRunner.runChild(BlockJUnit4ClassRunner.java:57)
	at org.junit.runners.ParentRunner$3.run(ParentRunner.java:290)
	at org.junit.runners.ParentRunner$1.schedule(ParentRunner.java:71)
	at org.junit.runners.ParentRunner.runChildren(ParentRunner.java:288)
	at org.junit.runners.ParentRunner.access$000(ParentRunner.java:58)
	at org.junit.runners.ParentRunner$2.evaluate(ParentRunner.java:268)
	at org.junit.runners.ParentRunner.run(ParentRunner.java:363)
	at org.eclipse.jdt.internal.junit4.runner.JUnit4TestReference.run(JUnit4TestReference.java:89)
	at org.eclipse.jdt.internal.junit.runner.TestExecution.run(TestExecution.java:41)
	at org.eclipse.jdt.internal.junit.runner.RemoteTestRunner.runTests(RemoteTestRunner.java:542)
	at org.eclipse.jdt.internal.junit.runner.RemoteTestRunner.runTests(RemoteTestRunner.java:770)
	at org.eclipse.jdt.internal.junit.runner.RemoteTestRunner.run(RemoteTestRunner.java:464)
	at org.eclipse.jdt.internal.junit.runner.RemoteTestRunner.main(RemoteTestRunner.java:210)
2020-10-19 23:52:16.128 [main] WARN  com.github.sd4324530.fastweixin.util.NetWorkCenter - -----------------请求出现其他异常:com.github.sd4324530.fastweixin.exception.WeixinException: 微信公众号token获取出错，错误信息:50002,用户受限，可能是违规后接口被封禁-----------------
2020-10-19 23:56:58.079 [main] DEBUG c.github.sd4324530.fastweixin.api.config.ApiConfig - 开始初始化access_token........
2020-10-19 23:56:58.085 [main] DEBUG com.github.sd4324530.fastweixin.util.NetWorkCenter - -----------------请求地址:https://api.weixin.qq.com/cgi-bin/token?grant_type=client_credential&appid=wx1922a087525d2580&secret=3abace60187243644e59e51cb805459a-----------------
2020-10-19 23:56:59.550 [main] DEBUG com.github.sd4324530.fastweixin.util.NetWorkCenter - 本次请求'token?grant_type=client_credential&appid=wx1922a087525d2580&secret=3abace60187243644e59e51cb805459a'耗时:726ms
2020-10-19 23:56:59.554 [main] DEBUG com.github.sd4324530.fastweixin.util.NetWorkCenter - -----------------请求成功-----------------
2020-10-19 23:56:59.554 [main] DEBUG com.github.sd4324530.fastweixin.util.NetWorkCenter - 响应结果:
2020-10-19 23:56:59.554 [main] DEBUG com.github.sd4324530.fastweixin.util.NetWorkCenter - {"errcode":40164,"errmsg":"invalid ip 183.92.251.208 ipv6 ::ffff:183.92.251.208, not in whitelist rid: 5f8db709-308bd5ef-5662a1c4"}
2020-10-19 23:56:59.623 [main] DEBUG c.github.sd4324530.fastweixin.api.config.ApiConfig - 获取access_token:null
2020-10-19 23:56:59.625 [main] ERROR com.github.sd4324530.fastweixin.util.NetWorkCenter - Exception:
com.github.sd4324530.fastweixin.exception.WeixinException: 微信公众号token获取出错，错误信息:40164,invalid ip 183.92.251.208 ipv6 ::ffff:183.92.251.208, not in whitelist rid: 5f8db709-308bd5ef-5662a1c4
	at com.github.sd4324530.fastweixin.api.config.ApiConfig$1.onResponse(ApiConfig.java:178)
	at com.github.sd4324530.fastweixin.util.NetWorkCenter.doRequest(NetWorkCenter.java:277)
	at com.github.sd4324530.fastweixin.util.NetWorkCenter.get(NetWorkCenter.java:153)
	at com.github.sd4324530.fastweixin.api.config.ApiConfig.initToken(ApiConfig.java:169)
	at com.github.sd4324530.fastweixin.api.config.ApiConfig.<init>(ApiConfig.java:69)
	at com.github.sd4324530.fastweixin.api.config.ApiConfig.<init>(ApiConfig.java:54)
	at com.github.sd4324530.fastweixin.FastweixinTest.init(FastweixinTest.java:37)
	at sun.reflect.NativeMethodAccessorImpl.invoke0(Native Method)
	at sun.reflect.NativeMethodAccessorImpl.invoke(NativeMethodAccessorImpl.java:62)
	at sun.reflect.DelegatingMethodAccessorImpl.invoke(DelegatingMethodAccessorImpl.java:43)
	at java.lang.reflect.Method.invoke(Method.java:498)
	at org.junit.runners.model.FrameworkMethod$1.runReflectiveCall(FrameworkMethod.java:50)
	at org.junit.internal.runners.model.ReflectiveCallable.run(ReflectiveCallable.java:12)
	at org.junit.runners.model.FrameworkMethod.invokeExplosively(FrameworkMethod.java:47)
	at org.junit.internal.runners.statements.RunBefores.evaluate(RunBefores.java:24)
	at org.junit.runners.ParentRunner.runLeaf(ParentRunner.java:325)
	at org.junit.runners.BlockJUnit4ClassRunner.runChild(BlockJUnit4ClassRunner.java:78)
	at org.junit.runners.BlockJUnit4ClassRunner.runChild(BlockJUnit4ClassRunner.java:57)
	at org.junit.runners.ParentRunner$3.run(ParentRunner.java:290)
	at org.junit.runners.ParentRunner$1.schedule(ParentRunner.java:71)
	at org.junit.runners.ParentRunner.runChildren(ParentRunner.java:288)
	at org.junit.runners.ParentRunner.access$000(ParentRunner.java:58)
	at org.junit.runners.ParentRunner$2.evaluate(ParentRunner.java:268)
	at org.junit.runners.ParentRunner.run(ParentRunner.java:363)
	at org.eclipse.jdt.internal.junit4.runner.JUnit4TestReference.run(JUnit4TestReference.java:89)
	at org.eclipse.jdt.internal.junit.runner.TestExecution.run(TestExecution.java:41)
	at org.eclipse.jdt.internal.junit.runner.RemoteTestRunner.runTests(RemoteTestRunner.java:542)
	at org.eclipse.jdt.internal.junit.runner.RemoteTestRunner.runTests(RemoteTestRunner.java:770)
	at org.eclipse.jdt.internal.junit.runner.RemoteTestRunner.run(RemoteTestRunner.java:464)
	at org.eclipse.jdt.internal.junit.runner.RemoteTestRunner.main(RemoteTestRunner.java:210)
2020-10-19 23:56:59.626 [main] WARN  com.github.sd4324530.fastweixin.util.NetWorkCenter - -----------------请求出现其他异常:com.github.sd4324530.fastweixin.exception.WeixinException: 微信公众号token获取出错，错误信息:40164,invalid ip 183.92.251.208 ipv6 ::ffff:183.92.251.208, not in whitelist rid: 5f8db709-308bd5ef-5662a1c4-----------------
2020-10-19 23:56:59.627 [main] DEBUG c.github.sd4324530.fastweixin.api.config.ApiConfig - 开始初始化access_token........
2020-10-19 23:56:59.627 [main] DEBUG com.github.sd4324530.fastweixin.util.NetWorkCenter - -----------------请求地址:https://api.weixin.qq.com/cgi-bin/token?grant_type=client_credential&appid=wx1922a087525d2580&secret=3abace60187243644e59e51cb805459a-----------------
2020-10-19 23:57:00.049 [main] DEBUG com.github.sd4324530.fastweixin.util.NetWorkCenter - 本次请求'token?grant_type=client_credential&appid=wx1922a087525d2580&secret=3abace60187243644e59e51cb805459a'耗时:419ms
2020-10-19 23:57:00.049 [main] DEBUG com.github.sd4324530.fastweixin.util.NetWorkCenter - -----------------请求成功-----------------
2020-10-19 23:57:00.050 [main] DEBUG com.github.sd4324530.fastweixin.util.NetWorkCenter - 响应结果:
2020-10-19 23:57:00.050 [main] DEBUG com.github.sd4324530.fastweixin.util.NetWorkCenter - {"errcode":40164,"errmsg":"invalid ip 183.92.251.208 ipv6 ::ffff:183.92.251.208, not in whitelist rid: 5f8db70a-0753fd66-31bb93df"}
2020-10-19 23:57:00.050 [main] DEBUG c.github.sd4324530.fastweixin.api.config.ApiConfig - 获取access_token:null
2020-10-19 23:57:00.051 [main] ERROR com.github.sd4324530.fastweixin.util.NetWorkCenter - Exception:
com.github.sd4324530.fastweixin.exception.WeixinException: 微信公众号token获取出错，错误信息:40164,invalid ip 183.92.251.208 ipv6 ::ffff:183.92.251.208, not in whitelist rid: 5f8db70a-0753fd66-31bb93df
	at com.github.sd4324530.fastweixin.api.config.ApiConfig$1.onResponse(ApiConfig.java:178)
	at com.github.sd4324530.fastweixin.util.NetWorkCenter.doRequest(NetWorkCenter.java:277)
	at com.github.sd4324530.fastweixin.util.NetWorkCenter.get(NetWorkCenter.java:153)
	at com.github.sd4324530.fastweixin.api.config.ApiConfig.initToken(ApiConfig.java:169)
	at com.github.sd4324530.fastweixin.api.config.ApiConfig.<init>(ApiConfig.java:69)
	at com.github.sd4324530.fastweixin.api.config.ApiConfig.<init>(ApiConfig.java:54)
	at com.github.sd4324530.fastweixin.FastweixinTest.test(FastweixinTest.java:50)
	at sun.reflect.NativeMethodAccessorImpl.invoke0(Native Method)
	at sun.reflect.NativeMethodAccessorImpl.invoke(NativeMethodAccessorImpl.java:62)
	at sun.reflect.DelegatingMethodAccessorImpl.invoke(DelegatingMethodAccessorImpl.java:43)
	at java.lang.reflect.Method.invoke(Method.java:498)
	at org.junit.runners.model.FrameworkMethod$1.runReflectiveCall(FrameworkMethod.java:50)
	at org.junit.internal.runners.model.ReflectiveCallable.run(ReflectiveCallable.java:12)
	at org.junit.runners.model.FrameworkMethod.invokeExplosively(FrameworkMethod.java:47)
	at org.junit.internal.runners.statements.InvokeMethod.evaluate(InvokeMethod.java:17)
	at org.junit.internal.runners.statements.RunBefores.evaluate(RunBefores.java:26)
	at org.junit.runners.ParentRunner.runLeaf(ParentRunner.java:325)
	at org.junit.runners.BlockJUnit4ClassRunner.runChild(BlockJUnit4ClassRunner.java:78)
	at org.junit.runners.BlockJUnit4ClassRunner.runChild(BlockJUnit4ClassRunner.java:57)
	at org.junit.runners.ParentRunner$3.run(ParentRunner.java:290)
	at org.junit.runners.ParentRunner$1.schedule(ParentRunner.java:71)
	at org.junit.runners.ParentRunner.runChildren(ParentRunner.java:288)
	at org.junit.runners.ParentRunner.access$000(ParentRunner.java:58)
	at org.junit.runners.ParentRunner$2.evaluate(ParentRunner.java:268)
	at org.junit.runners.ParentRunner.run(ParentRunner.java:363)
	at org.eclipse.jdt.internal.junit4.runner.JUnit4TestReference.run(JUnit4TestReference.java:89)
	at org.eclipse.jdt.internal.junit.runner.TestExecution.run(TestExecution.java:41)
	at org.eclipse.jdt.internal.junit.runner.RemoteTestRunner.runTests(RemoteTestRunner.java:542)
	at org.eclipse.jdt.internal.junit.runner.RemoteTestRunner.runTests(RemoteTestRunner.java:770)
	at org.eclipse.jdt.internal.junit.runner.RemoteTestRunner.run(RemoteTestRunner.java:464)
	at org.eclipse.jdt.internal.junit.runner.RemoteTestRunner.main(RemoteTestRunner.java:210)
2020-10-19 23:57:00.051 [main] WARN  com.github.sd4324530.fastweixin.util.NetWorkCenter - -----------------请求出现其他异常:com.github.sd4324530.fastweixin.exception.WeixinException: 微信公众号token获取出错，错误信息:40164,invalid ip 183.92.251.208 ipv6 ::ffff:183.92.251.208, not in whitelist rid: 5f8db70a-0753fd66-31bb93df-----------------
2020-10-19 23:57:00.054 [main] DEBUG com.github.sd4324530.fastweixin.api.MenuAPI - 获取菜单信息.....
2020-10-19 23:57:00.054 [main] DEBUG c.github.sd4324530.fastweixin.api.config.ApiConfig - 准备刷新token.............
2020-10-19 23:57:00.054 [main] DEBUG c.github.sd4324530.fastweixin.api.config.ApiConfig - 开始初始化access_token........
2020-10-19 23:57:00.054 [main] DEBUG com.github.sd4324530.fastweixin.util.NetWorkCenter - -----------------请求地址:https://api.weixin.qq.com/cgi-bin/token?grant_type=client_credential&appid=wx1922a087525d2580&secret=3abace60187243644e59e51cb805459a-----------------
2020-10-19 23:57:00.441 [main] DEBUG com.github.sd4324530.fastweixin.util.NetWorkCenter - 本次请求'token?grant_type=client_credential&appid=wx1922a087525d2580&secret=3abace60187243644e59e51cb805459a'耗时:382ms
2020-10-19 23:57:00.442 [main] DEBUG com.github.sd4324530.fastweixin.util.NetWorkCenter - -----------------请求成功-----------------
2020-10-19 23:57:00.442 [main] DEBUG com.github.sd4324530.fastweixin.util.NetWorkCenter - 响应结果:
2020-10-19 23:57:00.442 [main] DEBUG com.github.sd4324530.fastweixin.util.NetWorkCenter - {"errcode":40164,"errmsg":"invalid ip 183.92.251.208 ipv6 ::ffff:183.92.251.208, not in whitelist rid: 5f8db70a-14008448-0cd08a4e"}
2020-10-19 23:57:00.443 [main] DEBUG c.github.sd4324530.fastweixin.api.config.ApiConfig - 获取access_token:null
2020-10-19 23:57:00.443 [main] ERROR com.github.sd4324530.fastweixin.util.NetWorkCenter - Exception:
com.github.sd4324530.fastweixin.exception.WeixinException: 微信公众号token获取出错，错误信息:40164,invalid ip 183.92.251.208 ipv6 ::ffff:183.92.251.208, not in whitelist rid: 5f8db70a-14008448-0cd08a4e
	at com.github.sd4324530.fastweixin.api.config.ApiConfig$1.onResponse(ApiConfig.java:178)
	at com.github.sd4324530.fastweixin.util.NetWorkCenter.doRequest(NetWorkCenter.java:277)
	at com.github.sd4324530.fastweixin.util.NetWorkCenter.get(NetWorkCenter.java:153)
	at com.github.sd4324530.fastweixin.api.config.ApiConfig.initToken(ApiConfig.java:169)
	at com.github.sd4324530.fastweixin.api.config.ApiConfig.getAccessToken(ApiConfig.java:93)
	at com.github.sd4324530.fastweixin.api.BaseAPI.executeGet(BaseAPI.java:79)
	at com.github.sd4324530.fastweixin.api.MenuAPI.getMenu(MenuAPI.java:68)
	at com.github.sd4324530.fastweixin.FastweixinTest.getMenu(FastweixinTest.java:169)
	at com.github.sd4324530.fastweixin.FastweixinTest.test(FastweixinTest.java:58)
	at sun.reflect.NativeMethodAccessorImpl.invoke0(Native Method)
	at sun.reflect.NativeMethodAccessorImpl.invoke(NativeMethodAccessorImpl.java:62)
	at sun.reflect.DelegatingMethodAccessorImpl.invoke(DelegatingMethodAccessorImpl.java:43)
	at java.lang.reflect.Method.invoke(Method.java:498)
	at org.junit.runners.model.FrameworkMethod$1.runReflectiveCall(FrameworkMethod.java:50)
	at org.junit.internal.runners.model.ReflectiveCallable.run(ReflectiveCallable.java:12)
	at org.junit.runners.model.FrameworkMethod.invokeExplosively(FrameworkMethod.java:47)
	at org.junit.internal.runners.statements.InvokeMethod.evaluate(InvokeMethod.java:17)
	at org.junit.internal.runners.statements.RunBefores.evaluate(RunBefores.java:26)
	at org.junit.runners.ParentRunner.runLeaf(ParentRunner.java:325)
	at org.junit.runners.BlockJUnit4ClassRunner.runChild(BlockJUnit4ClassRunner.java:78)
	at org.junit.runners.BlockJUnit4ClassRunner.runChild(BlockJUnit4ClassRunner.java:57)
	at org.junit.runners.ParentRunner$3.run(ParentRunner.java:290)
	at org.junit.runners.ParentRunner$1.schedule(ParentRunner.java:71)
	at org.junit.runners.ParentRunner.runChildren(ParentRunner.java:288)
	at org.junit.runners.ParentRunner.access$000(ParentRunner.java:58)
	at org.junit.runners.ParentRunner$2.evaluate(ParentRunner.java:268)
	at org.junit.runners.ParentRunner.run(ParentRunner.java:363)
	at org.eclipse.jdt.internal.junit4.runner.JUnit4TestReference.run(JUnit4TestReference.java:89)
	at org.eclipse.jdt.internal.junit.runner.TestExecution.run(TestExecution.java:41)
	at org.eclipse.jdt.internal.junit.runner.RemoteTestRunner.runTests(RemoteTestRunner.java:542)
	at org.eclipse.jdt.internal.junit.runner.RemoteTestRunner.runTests(RemoteTestRunner.java:770)
	at org.eclipse.jdt.internal.junit.runner.RemoteTestRunner.run(RemoteTestRunner.java:464)
	at org.eclipse.jdt.internal.junit.runner.RemoteTestRunner.main(RemoteTestRunner.java:210)
2020-10-19 23:57:00.444 [main] WARN  com.github.sd4324530.fastweixin.util.NetWorkCenter - -----------------请求出现其他异常:com.github.sd4324530.fastweixin.exception.WeixinException: 微信公众号token获取出错，错误信息:40164,invalid ip 183.92.251.208 ipv6 ::ffff:183.92.251.208, not in whitelist rid: 5f8db70a-14008448-0cd08a4e-----------------
